<?xml version="1.0" encoding="UTF-8"?>
<!-- Generated by org.testng.reporters.JUnitReportReporter -->
<testsuite skipped="0" hostname="PG014UCD" name="sampleTests.CodeIgnite" tests="2" failures="0" timestamp="2020-08-29T08:25:54 IST" time="49.730" errors="0">
  <testcase name="Register" time="20.726" classname="sampleTests.CodeIgnite"/>
  <system-out/>
  <testcase name="Register2" time="29.004" classname="sampleTests.CodeIgnite"/>
  <system-out/>
</testsuite> <!-- sampleTests.CodeIgnite -->
