<?xml version="1.0" encoding="UTF-8"?>
<!-- Generated by org.testng.reporters.JUnitReportReporter -->
<testsuite hostname="5CG9249MW7" failures="0" tests="2" name="sampleTests.WeeklyReportingTool" time="22.889" errors="0" timestamp="2021-10-23T11:37:29 IST" skipped="0">
  <testcase classname="sampleTests.WeeklyReportingTool" name="VefifyMenuOptions" time="19.486"/>
  <system-out/>
  <testcase classname="sampleTests.WeeklyReportingTool" name="VeifyHomePage" time="3.403"/>
  <system-out/>
</testsuite> <!-- sampleTests.WeeklyReportingTool -->
