<?xml version="1.0" encoding="UTF-8"?>
<!-- Generated by org.testng.reporters.JUnitReportReporter -->
<testsuite skipped="0" hostname="DESKTOP-99MLMRI" name="com.MavenProject.MavenProject.AppiumTest" tests="3" failures="0" timestamp="2020-06-21T22:43:17 IST" time="0.006" errors="0">
  <testcase name="OpenWebApp" time="0.002" classname="com.MavenProject.MavenProject.AppiumTest"/>
  <system-out/>
  <testcase name="OpenHybridApp" time="0.002" classname="com.MavenProject.MavenProject.AppiumTest"/>
  <system-out/>
  <testcase name="OpenNativeApp" time="0.002" classname="com.MavenProject.MavenProject.AppiumTest"/>
  <system-out/>
</testsuite> <!-- com.MavenProject.MavenProject.AppiumTest -->
