<?xml version="1.0" encoding="UTF-8"?>
<!-- Generated by org.testng.reporters.JUnitReportReporter -->
<testsuite skipped="0" hostname="DESKTOP-99MLMRI" name="com.MavenProject.MavenProject.RestAPITest" tests="3" failures="0" timestamp="2020-06-21T22:43:17 IST" time="0.016" errors="0">
  <testcase name="OpenLocalAPI" time="0.001" classname="com.MavenProject.MavenProject.RestAPITest"/>
  <system-out/>
  <testcase name="OpenJIRAAPI" time="0.002" classname="com.MavenProject.MavenProject.RestAPITest"/>
  <system-out/>
  <testcase name="OpenGoogleAPI" time="0.013" classname="com.MavenProject.MavenProject.RestAPITest"/>
  <system-out/>
</testsuite> <!-- com.MavenProject.MavenProject.RestAPITest -->
