<?xml version="1.0" encoding="UTF-8"?>
<!-- Generated by org.testng.reporters.JUnitReportReporter -->
<testsuite skipped="0" hostname="PG014UCD" name="sampleTests.QaAcademy" tests="2" failures="0" timestamp="2020-08-22T18:15:12 IST" time="32.628" errors="0">
  <testcase name="OpeningQAAcademy" time="21.745" classname="sampleTests.QaAcademy"/>
  <system-out/>
  <testcase name="Register" time="10.883" classname="sampleTests.QaAcademy"/>
  <system-out/>
</testsuite> <!-- sampleTests.QaAcademy -->
