<?xml version="1.0" encoding="UTF-8"?>
<!-- Generated by org.testng.reporters.JUnitReportReporter -->
<testsuite skipped="0" hostname="DESKTOP-99MLMRI" name="sampleTests.RediffLogin2" tests="2" failures="0" timestamp="2020-06-30T22:46:41 IST" time="12.827" errors="0">
  <testcase name="OpeningReddiffApplication" time="4.132" classname="sampleTests.RediffLogin2"/>
  <system-out/>
  <testcase name="Signin" time="8.695" classname="sampleTests.RediffLogin2"/>
  <system-out/>
</testsuite> <!-- sampleTests.RediffLogin2 -->
