<?xml version="1.0" encoding="UTF-8"?>
<!-- Generated by org.testng.reporters.JUnitReportReporter -->
<testsuite hostname="5CG9249MW7" failures="0" tests="1" name="sampleTests.PyramidRecruitmentDashboard" time="29.912" errors="0" timestamp="2021-10-23T16:15:43 IST" skipped="0">
  <testcase classname="sampleTests.PyramidRecruitmentDashboard" name="VeifyHomePage" time="29.912"/>
  <system-out/>
</testsuite> <!-- sampleTests.PyramidRecruitmentDashboard -->
